W (8522) WiFiDriver: connect to the AP fail
W (9673) WiFiDriver: waiting httpdCanStart STA... status=3 dt_ms=3149
W (10933) WiFiDriver: connect to the AP fail
W (19780) WiFi_MOTOR: block handlers=1
W (19891) WiFi_MOTOR: block handlers=0
W (32460) WiFi_MOTOR: block handlers=1
W (41301) WiFi_MOTOR: block handlers=0
W (53196) WiFi_MOTOR: block handlers=1
W (61400) WiFi_MOTOR: block handlers=0
W (72215) WiFi_MOTOR: block handlers=1
W (80450) WiFi_MOTOR: block handlers=0
W (168474) WiFi_MOTOR: block handlers=1
W (186822) WiFi_MOTOR: block handlers=0
W (200832) WiFi_MOTOR: block handlers=1
W (227270) WiFi_MOTOR: block handlers=0
W (345687) WiFi_MOTOR: block handlers=1
W (356105) WiFi_MOTOR: block handlers=0
W (401787) WiFi_MOTOR: block handlers=1
W (435785) WiFi_MOTOR: block handlers=0
W (584175) WiFi_MOTOR: block handlers=1
W (604270) WiFi_MOTOR: block handlers=0
W (653492) WiFi_MOTOR: block handlers=1
W (664631) WiFi_MOTOR: block handlers=0
W (850133) WiFi_MOTOR: block handlers=1
W (872711) WiFi_MOTOR: block handlers=0
W (910487) httpd_txrx: httpd_sock_err: error in recv : 104
W (955750) WiFi_MOTOR: block handlers=1
W (966144) WiFi_MOTOR: block handlers=0
W (1006019) WiFi_MOTOR: block handlers=1
W (1030939) WiFi_MOTOR: block handlers=0
W (1055535) WiFi_MOTOR: block handlers=1
W (1150470) WiFi_MOTOR: block handlers=0
W (1174657) WiFi_MOTOR: block handlers=1
W (1199555) WiFi_MOTOR: block handlers=0
W (1270366) WiFi_MOTOR: block handlers=1
W (1285564) WiFi_MOTOR: block handlers=0
W (1320330) WiFi_MOTOR: block handlers=1
W (1333687) WiFi_MOTOR: block handlers=0
W (1338888) WiFi_MOTOR: block handlers=1
W (1361068) WiFi_MOTOR: block handlers=0
W (1400248) WiFi_MOTOR: block handlers=1
W (1421814) WiFi_MOTOR: block handlers=0
W (1428839) WiFi_MOTOR: block handlers=1
W (1431939) WiFi_MOTOR: block handlers=0
W (1443759) WiFi_MOTOR: block handlers=1
W (1458674) WiFi_MOTOR: block handlers=0
W (1489036) httpd_txrx: httpd_sock_err: error in recv : 104
W (1535211) WiFi_MOTOR: block handlers=1
W (1550250) WiFi_MOTOR: block handlers=0
W (1562076) WiFi_MOTOR: block handlers=1
W (1565555) WiFi_MOTOR: block handlers=0
W (1573941) WiFi_MOTOR: block handlers=1
W (1594990) WiFi_MOTOR: block handlers=0
W (1614346) WiFi_MOTOR: block handlers=1
W (1627526) WiFi_MOTOR: block handlers=0
W (1647953) WiFi_MOTOR: block handlers=1
W (1651453) WiFi_MOTOR: block handlers=0
W (1682646) WiFi_MOTOR: block handlers=1
W (1699055) WiFi_MOTOR: block handlers=0
W (1803739) WiFi_MOTOR: block handlers=1
W (1826275) WiFi_MOTOR: block handlers=0
W (1840899) WiFi_MOTOR: block handlers=1
W (1879141) WiFi_MOTOR: block handlers=0
W (1884797) WiFi_MOTOR: block handlers=1
W (1928758) WiFi_MOTOR: block handlers=0
W (1941459) WiFi_MOTOR: block handlers=1
W (1950170) WiFi_MOTOR: block handlers=0
W (1966585) WiFi_MOTOR: block handlers=1
W (1982955) WiFi_MOTOR: block handlers=0
W (1992335) WiFi_MOTOR: block handlers=1
W (2018174) WiFi_MOTOR: block handlers=0
W (2315419) WiFi_MOTOR: block handlers=1
W (2330980) WiFi_MOTOR: block handlers=0
W (2352381) WiFi_MOTOR: block handlers=1
W (2363161) WiFi_MOTOR: block handlers=0
W (2378654) httpd_txrx: httpd_sock_err: error in recv : 11
W (2383657) httpd_txrx: httpd_sock_err: error in recv : 11
W (2388660) httpd_txrx: httpd_sock_err: error in recv : 11
W (2393663) httpd_txrx: httpd_sock_err: error in recv : 11
W (2398666) httpd_txrx: httpd_sock_err: error in recv : 11
W (2403669) httpd_txrx: httpd_sock_err: error in recv : 11
W (2408673) httpd_txrx: httpd_sock_err: error in recv : 11
W (2413677) httpd_txrx: httpd_sock_err: error in recv : 11
W (2418681) httpd_txrx: httpd_sock_err: error in recv : 11
W (2423684) httpd_txrx: httpd_sock_err: error in recv : 11
W (2428687) httpd_txrx: httpd_sock_err: error in recv : 11
W (2433690) httpd_txrx: httpd_sock_err: error in recv : 11
W (2438694) httpd_txrx: httpd_sock_err: error in recv : 11
W (2443697) httpd_txrx: httpd_sock_err: error in recv : 11
W (2448701) httpd_txrx: httpd_sock_err: error in recv : 11
W (2453705) httpd_txrx: httpd_sock_err: error in recv : 11
W (2458709) httpd_txrx: httpd_sock_err: error in recv : 11
W (2463713) httpd_txrx: httpd_sock_err: error in recv : 11
W (2468716) httpd_txrx: httpd_sock_err: error in recv : 11
W (2473719) httpd_txrx: httpd_sock_err: error in recv : 11
W (2478722) httpd_txrx: httpd_sock_err: error in recv : 11
W (2483726) httpd_txrx: httpd_sock_err: error in recv : 11
W (2488729) httpd_txrx: httpd_sock_err: error in recv : 11
W (2493733) httpd_txrx: httpd_sock_err: error in recv : 11
W (2498737) httpd_txrx: httpd_sock_err: error in recv : 11
W (2503740) httpd_txrx: httpd_sock_err: error in recv : 11
W (2508744) httpd_txrx: httpd_sock_err: error in recv : 11
W (2513748) httpd_txrx: httpd_sock_err: error in recv : 11
W (2518752) httpd_txrx: httpd_sock_err: error in recv : 11
W (2523756) httpd_txrx: httpd_sock_err: error in recv : 11
W (2528760) httpd_txrx: httpd_sock_err: error in recv : 11
W (2528760) WiFi_FILE: PUT timeout path=/Sumo.py timeouts=31 written=8267 remaining=6266
W (2533764) httpd_txrx: httpd_sock_err: error in recv : 11
W (2538768) httpd_txrx: httpd_sock_err: error in recv : 11
W (2543772) httpd_txrx: httpd_sock_err: error in recv : 11
W (2548775) httpd_txrx: httpd_sock_err: error in recv : 11
W (2553779) httpd_txrx: httpd_sock_err: error in recv : 11
W (2558782) httpd_txrx: httpd_sock_err: error in recv : 11
W (2563786) httpd_txrx: httpd_sock_err: error in recv : 11
W (2568790) httpd_txrx: httpd_sock_err: error in recv : 11
W (2573793) httpd_txrx: httpd_sock_err: error in recv : 11
W (2578796) httpd_txrx: httpd_sock_err: error in recv : 11
W (2583800) httpd_txrx: httpd_sock_err: error in recv : 11
W (2588803) httpd_txrx: httpd_sock_err: error in recv : 11
W (2593807) httpd_txrx: httpd_sock_err: error in recv : 11
W (2598811) httpd_txrx: httpd_sock_err: error in recv : 11
W (2603815) httpd_txrx: httpd_sock_err: error in recv : 11
W (2608819) httpd_txrx: httpd_sock_err: error in recv : 11
W (2613823) httpd_txrx: httpd_sock_err: error in recv : 11
