W (26021) WiFiDriver: connect to the AP fail
W (27210) WiFiDriver: waiting httpdCanStart STA... status=3 dt_ms=3149
W (28432) WiFiDriver: connect to the AP fail
W (30410) WiFiDriver: waiting httpdCanStart STA... status=4 dt_ms=6349
W (86300) WiFi_MOTOR: block handlers=1
W (86421) WiFi_MOTOR: block handlers=0
W (113636) WiFi_MOTOR: block handlers=1
W (125007) WiFi_MOTOR: block handlers=0
W (133917) WiFi_MOTOR: block handlers=1
W (162374) WiFi_MOTOR: block handlers=0
W (164315) WiFi_MOTOR: block handlers=1
W (176508) WiFi_MOTOR: block handlers=0
W (199606) WiFi_MOTOR: block handlers=1
W (220043) WiFi_MOTOR: block handlers=0
W (246712) WiFi_MOTOR: block handlers=1
W (296992) WiFi_MOTOR: block handlers=0
W (329487) WiFi_MOTOR: block handlers=1
W (371741) WiFi_MOTOR: block handlers=0
W (412805) httpd_txrx: httpd_sock_err: error in recv : 104
W (480939) WiFi_MOTOR: block handlers=1
W (484114) WiFi_MOTOR: block handlers=0
W (488451) WiFi_MOTOR: block handlers=1
W (503953) WiFi_MOTOR: block handlers=0
W (527703) WiFi_MOTOR: block handlers=1
W (533232) httpd_txrx: httpd_sock_err: error in recv : 104
W (556799) WiFi_MOTOR: block handlers=0
W (568809) WiFi_MOTOR: block handlers=1
W (622762) WiFi_MOTOR: block handlers=0
W (633668) WiFi_MOTOR: block handlers=1
W (642741) WiFi_MOTOR: block handlers=0
W (658170) WiFi_MOTOR: block handlers=1
W (686409) WiFi_MOTOR: block handlers=0
W (698262) WiFi_MOTOR: block handlers=1
W (765536) WiFi_MOTOR: block handlers=0
W (779209) WiFi_MOTOR: block handlers=1
W (873847) WiFi_MOTOR: block handlers=0
W (923987) httpd_txrx: httpd_sock_err: error in recv : 104
W (1131413) WiFi_MOTOR: block handlers=1
W (1149249) WiFi_MOTOR: block handlers=0
W (1228762) WiFi_MOTOR: block handlers=1
W (1228789) WiFi_MOTOR: block handlers=0
W (1243237) WiFi_MOTOR: block handlers=1
W (1243252) WiFi_MOTOR: block handlers=0
W (1246869) WiFi_MOTOR: block handlers=1
W (1253027) WiFi_MOTOR: block handlers=0
W (1332568) WiFi_MOTOR: block handlers=1
W (1345469) WiFi_MOTOR: block handlers=0
W (1414451) WiFi_MOTOR: block handlers=1
W (1420927) WiFi_MOTOR: block handlers=0
W (1433777) WiFi_MOTOR: block handlers=1
W (1443122) WiFi_MOTOR: block handlers=0
W (1593277) WiFi_MOTOR: block handlers=1
W (1605674) WiFi_MOTOR: block handlers=0
W (1619386) WiFi_MOTOR: block handlers=1
W (1627125) WiFi_MOTOR: block handlers=0
W (1645077) WiFi_MOTOR: block handlers=1
W (1649689) WiFi_MOTOR: block handlers=0
W (1658520) WiFi_MOTOR: block handlers=1
W (1673583) WiFi_MOTOR: block handlers=0
W (1674023) RunProgramV: Cannot interrupt, no program is running
W (1795868) WiFi_MOTOR: block handlers=1
W (1795939) WiFi_MOTOR: block handlers=0
W (1807497) WiFi_MOTOR: block handlers=1
W (1822867) WiFi_MOTOR: block handlers=0
W (1840417) WiFi_MOTOR: block handlers=1
W (1864011) WiFi_MOTOR: block handlers=0
W (1874968) WiFi_MOTOR: block handlers=1
W (1875041) WiFi_MOTOR: block handlers=0
W (1879391) WiFi_MOTOR: block handlers=1
W (1879439) WiFi_MOTOR: block handlers=0
W (1906138) WiFi_MOTOR: block handlers=1
W (1906704) WiFi_MOTOR: block handlers=0
W (1994243) WiFi_MOTOR: block handlers=1
W (2008596) WiFi_MOTOR: block handlers=0
W (2050438) WiFi_MOTOR: block handlers=1
W (2050533) WiFi_MOTOR: block handlers=0
W (2088140) httpd_txrx: httpd_sock_err: error in recv : 104
W (2088236) httpd_txrx: httpd_sock_err: error in recv : 104
W (2099187) WiFi_MOTOR: block handlers=1
W (2112851) WiFi_MOTOR: block handlers=0
W (2132036) WiFi_MOTOR: block handlers=1
W (2145794) WiFi_MOTOR: block handlers=0
W (2154890) WiFi_MOTOR: block handlers=1
W (2160333) WiFi_MOTOR: block handlers=0
W (2165945) WiFi_MOTOR: block handlers=1
W (2173057) WiFi_MOTOR: block handlers=0
W (2184890) WiFi_MOTOR: block handlers=1
W (2195282) WiFi_MOTOR: block handlers=0
W (2208720) WiFi_MOTOR: block handlers=1
W (2222915) WiFi_MOTOR: block handlers=0
W (2232308) WiFi_MOTOR: block handlers=1
W (2250439) WiFi_MOTOR: block handlers=0
W (2280170) WiFi_MOTOR: block handlers=1
W (2290783) WiFi_MOTOR: block handlers=0
W (2307582) WiFi_MOTOR: block handlers=1
W (2314465) WiFi_MOTOR: block handlers=0
W (2331287) WiFi_MOTOR: block handlers=1
W (2342907) WiFi_MOTOR: block handlers=0
W (2351692) WiFi_MOTOR: block handlers=1
W (2367660) WiFi_MOTOR: block handlers=0
W (2391979) WiFi_MOTOR: block handlers=1
W (2416647) WiFi_MOTOR: block handlers=0
W (2483865) WiFi_MOTOR: block handlers=1
W (2487254) WiFi_MOTOR: block handlers=0
W (2493730) WiFi_MOTOR: block handlers=1
W (2505159) WiFi_MOTOR: block handlers=0
W (2514958) WiFi_MOTOR: block handlers=1
W (2527856) WiFi_MOTOR: block handlers=0
W (2538087) WiFi_MOTOR: block handlers=1
W (2548826) WiFi_MOTOR: block handlers=0
W (2557213) WiFi_MOTOR: block handlers=1
W (2572188) WiFi_MOTOR: block handlers=0
W (2580493) WiFi_MOTOR: block handlers=1
W (2591477) WiFi_MOTOR: block handlers=0
W (2611478) WiFi_MOTOR: block handlers=1
W (2624152) WiFi_MOTOR: block handlers=0
