W (23505) WiFi_HTTPD: static 404 fd=60 name=/apple-touch-icon-precomposed.png
W (23600) WiFi_HTTPD: static 404 fd=60 name=/apple-touch-icon.png
W (30662) WiFi_MOTOR: block handlers=1
W (41489) WiFi_MOTOR: block handlers=0
W (51864) WiFi_MOTOR: block handlers=1
W (56130) WiFi_MOTOR: block handlers=0
W (61548) httpd_txrx: httpd_sock_err: error in recv : 104
W (63485) WiFi_MOTOR: block handlers=1
W (74218) WiFi_MOTOR: block handlers=0
W (87341) WiFi_MOTOR: block handlers=1
W (98824) WiFi_MOTOR: block handlers=0
W (108930) WiFi_MOTOR: block handlers=1
W (120993) WiFi_MOTOR: block handlers=0
W (133603) WiFi_MOTOR: block handlers=1
W (146852) WiFi_MOTOR: block handlers=0
W (184250) WiFi_MOTOR: block handlers=1
W (189138) WiFi_MOTOR: block handlers=0
W (214834) WiFi_MOTOR: block handlers=1
W (226849) WiFi_MOTOR: block handlers=0
W (264717) WiFi_MOTOR: block handlers=1
W (279476) WiFi_MOTOR: block handlers=0
W (301751) WiFi_MOTOR: block handlers=1
W (318507) WiFi_MOTOR: block handlers=0
W (333969) WiFi_MOTOR: block handlers=1
W (342435) WiFi_MOTOR: block handlers=0
W (355491) WiFi_MOTOR: block handlers=1
W (368985) WiFi_MOTOR: block handlers=0
W (383411) WiFi_MOTOR: block handlers=1
W (390810) WiFi_MOTOR: block handlers=0
W (412036) WiFi_MOTOR: block handlers=1
W (418109) WiFi_MOTOR: block handlers=0
W (427768) WiFi_MOTOR: block handlers=1
W (439909) WiFi_MOTOR: block handlers=0
W (451247) WiFi_MOTOR: block handlers=1
W (460221) WiFi_MOTOR: block handlers=0
W (468709) WiFi_MOTOR: block handlers=1
W (474129) WiFi_MOTOR: block handlers=0
W (480538) WiFi_MOTOR: block handlers=1
W (494156) WiFi_MOTOR: block handlers=0
W (509897) WiFi_MOTOR: block handlers=1
W (522041) WiFi_MOTOR: block handlers=0
W (534169) WiFi_MOTOR: block handlers=1
W (539525) WiFi_MOTOR: block handlers=0
W (553093) WiFi_MOTOR: block handlers=1
W (559339) WiFi_MOTOR: block handlers=0
W (566666) WiFi_MOTOR: block handlers=1
W (573672) WiFi_MOTOR: block handlers=0
W (583782) WiFi_MOTOR: block handlers=1
W (588521) WiFi_MOTOR: block handlers=0
W (595969) WiFi_MOTOR: block handlers=1
W (606209) WiFi_MOTOR: block handlers=0
W (617811) WiFi_MOTOR: block handlers=1
W (624744) WiFi_MOTOR: block handlers=0
W (627898) WiFi_MOTOR: block handlers=1
W (640765) WiFi_MOTOR: block handlers=0
W (656724) WiFi_MOTOR: block handlers=1
W (661391) WiFi_MOTOR: block handlers=0
W (668546) WiFi_MOTOR: block handlers=1
W (676165) WiFi_MOTOR: block handlers=0
W (689685) WiFi_MOTOR: block handlers=1
W (700676) WiFi_MOTOR: block handlers=0
W (711319) WiFi_MOTOR: block handlers=1
W (723366) WiFi_MOTOR: block handlers=0
W (732855) WiFi_MOTOR: block handlers=1
W (744561) WiFi_MOTOR: block handlers=0
W (750445) WiFi_MOTOR: block handlers=1
W (755078) WiFi_MOTOR: block handlers=0
W (758338) WiFi_MOTOR: block handlers=1
W (768582) WiFi_MOTOR: block handlers=0
W (779100) WiFi_MOTOR: block handlers=1
W (789589) WiFi_MOTOR: block handlers=0
W (797010) WiFi_MOTOR: block handlers=1
W (809560) WiFi_MOTOR: block handlers=0
W (834032) WiFi_MOTOR: block handlers=1
W (844241) WiFi_MOTOR: block handlers=0
W (859175) WiFi_MOTOR: block handlers=1
W (867607) WiFi_MOTOR: block handlers=0
W (972692) WiFi_MOTOR: block handlers=1
W (977813) httpd_txrx: httpd_sock_err: error in recv : 104
W (979070) WiFi_MOTOR: block handlers=0
W (1030332) WiFi_MOTOR: block handlers=1
W (1040330) WiFi_MOTOR: block handlers=0
W (1159749) WiFi_MOTOR: block handlers=1
W (1167077) WiFi_MOTOR: block handlers=0
W (1173301) WiFi_MOTOR: block handlers=1
W (1179855) WiFi_MOTOR: block handlers=0
W (1190646) WiFi_MOTOR: block handlers=1
W (1209711) WiFi_MOTOR: block handlers=0
W (1216237) WiFi_MOTOR: block handlers=1
W (1231557) WiFi_MOTOR: block handlers=0
W (1267802) WiFi_MOTOR: block handlers=1
W (1282492) WiFi_MOTOR: block handlers=0
W (1356388) WiFi_MOTOR: block handlers=1
W (1363980) WiFi_MOTOR: block handlers=0
W (1389461) WiFi_MOTOR: block handlers=1
W (1396274) WiFi_MOTOR: block handlers=0
W (1418488) WiFi_MOTOR: block handlers=1
W (1428778) WiFi_MOTOR: block handlers=0
W (1440262) WiFi_MOTOR: block handlers=1
W (1451064) WiFi_MOTOR: block handlers=0
W (1466935) WiFi_MOTOR: block handlers=1
W (1473050) WiFi_MOTOR: block handlers=0
W (1482287) WiFi_MOTOR: block handlers=1
W (1488799) WiFi_MOTOR: block handlers=0
W (1498477) WiFi_MOTOR: block handlers=1
W (1503261) WiFi_MOTOR: block handlers=0
W (1516373) WiFi_MOTOR: block handlers=1
W (1522383) WiFi_MOTOR: block handlers=0
W (1525282) WiFi_MOTOR: block handlers=1
W (1537349) WiFi_MOTOR: block handlers=0
W (1548213) WiFi_MOTOR: block handlers=1
W (1562129) WiFi_MOTOR: block handlers=0
W (1563757) WiFi_MOTOR: block handlers=1
W (1577758) WiFi_MOTOR: block handlers=0
W (1594634) WiFi_MOTOR: block handlers=1
W (1601316) WiFi_MOTOR: block handlers=0
W (1613329) WiFi_MOTOR: block handlers=1
W (1654564) WiFi_MOTOR: block handlers=0
W (1679890) WiFi_MOTOR: block handlers=1
W (1686933) WiFi_MOTOR: block handlers=0
W (1700712) WiFi_MOTOR: block handlers=1
W (1706646) WiFi_MOTOR: block handlers=0
W (1721385) WiFi_MOTOR: block handlers=1
W (1727572) WiFi_MOTOR: block handlers=0
W (1742859) WiFi_MOTOR: block handlers=1
W (1751687) WiFi_MOTOR: block handlers=0
W (1766673) WiFi_MOTOR: block handlers=1
W (1805835) WiFi_MOTOR: block handlers=0
W (1916821) WiFi_MOTOR: block handlers=1
W (1927365) WiFi_MOTOR: block handlers=0
W (1957032) WiFi_MOTOR: block handlers=1
W (1964284) WiFi_MOTOR: block handlers=0
W (1985881) WiFi_MOTOR: block handlers=1
W (1996114) WiFi_MOTOR: block handlers=0
W (2788801) httpd_txrx: httpd_sock_err: error in recv : 113
W (2788802) httpd_txrx: httpd_sock_err: error in recv : 113
W (2788803) httpd_txrx: httpd_sock_err: error in recv : 113
W (2788806) httpd_txrx: httpd_sock_err: error in recv : 113
W (2788807) httpd_txrx: httpd_sock_err: error in recv : 113
tion refused too many times, max allo
bcn/probeW (2798567) WiFiDriver: connect to the AP fail
W (2800331) WiFiDriver: waiting httpdCanStart STA... status=3 dt_ms=3149
W (2800979) WiFiDriver: connect to the AP fail
W (4636618) WiFi_MOTOR: block handlers=1
W (4642134) WiFi_MOTOR: block handlers=0
W (4650976) WiFi_MOTOR: block handlers=1
W (4666162) WiFi_MOTOR: block handlers=0
W (4706768) WiFi_MOTOR: block handlers=1
W (4707077) httpd_txrx: httpd_sock_err: error in recv : 104
W (4739734) WiFi_MOTOR: block handlers=0
W (4742830) WiFi_MOTOR: block handlers=1
W (4769130) WiFi_MOTOR: block handlers=0
W (4797823) WiFi_MOTOR: block handlers=1
W (4814433) WiFi_MOTOR: block handlers=0
W (4826510) WiFi_MOTOR: block handlers=1
W (4835301) WiFi_MOTOR: block handlers=0
W (4841738) WiFi_MOTOR: block handlers=1
W (4860081) WiFi_MOTOR: block handlers=0
W (4881954) WiFi_MOTOR: block handlers=1
W (4888362) WiFi_MOTOR: block handlers=0
W (4906703) WiFi_MOTOR: block handlers=1
W (4919300) WiFi_MOTOR: block handlers=0
W (4923777) WiFi_MOTOR: block handlers=1
W (4936506) WiFi_MOTOR: block handlers=0
W (4953662) WiFi_MOTOR: block handlers=1
W (4962090) WiFi_MOTOR: block handlers=0
W (4962646) WiFi_MOTOR: block handlers=1
W (4964219) WiFi_MOTOR: block handlers=0
W (4975036) WiFi_MOTOR: block handlers=1
W (4981667) WiFi_MOTOR: block handlers=0
W (4990314) WiFi_MOTOR: block handlers=1
W (5015968) WiFi_MOTOR: block handlers=0
W (5074215) WiFi_MOTOR: block handlers=1
W (5091317) WiFi_MOTOR: block handlers=0
W (5110948) WiFi_MOTOR: block handlers=1
W (5137817) WiFi_MOTOR: block handlers=0
W (5145433) WiFi_MOTOR: block handlers=1
W (5155993) WiFi_MOTOR: block handlers=0
W (5175141) WiFi_MOTOR: block handlers=1
W (5196985) WiFi_MOTOR: block handlers=0
W (5206873) WiFi_MOTOR: block handlers=1
W (5225379) WiFi_MOTOR: block handlers=0
W (5256539) WiFi_MOTOR: block handlers=1
W (5266213) WiFi_MOTOR: block handlers=0
W (5275121) WiFi_MOTOR: block handlers=1
W (5283229) WiFi_MOTOR: block handlers=0
W (5286442) WiFi_MOTOR: block handlers=1
W (5296043) WiFi_MOTOR: block handlers=0
W (5315746) WiFi_MOTOR: block handlers=1
W (5333142) WiFi_MOTOR: block handlers=0
W (5348841) WiFi_MOTOR: block handlers=1
W (5360893) WiFi_MOTOR: block handlers=0
W (5387046) WiFi_MOTOR: block handlers=1
W (5394928) WiFi_MOTOR: block handlers=0
W (5413168) WiFi_MOTOR: block handlers=1
W (5426620) WiFi_MOTOR: block handlers=0
W (5452115) WiFi_MOTOR: block handlers=1
W (5460793) WiFi_MOTOR: block handlers=0
W (5490684) WiFi_MOTOR: block handlers=1
W (5500674) WiFi_MOTOR: block handlers=0
W (5508874) WiFi_MOTOR: block handlers=1
W (5512946) WiFi_MOTOR: block handlers=0
W (5520617) WiFi_MOTOR: block handlers=1
W (5528737) WiFi_MOTOR: block handlers=0
W (5539910) WiFi_MOTOR: block handlers=1
W (5544598) WiFi_MOTOR: block handlers=0
W (5550543) WiFi_MOTOR: block handlers=1
W (5562890) WiFi_MOTOR: block handlers=0
W (5582258) WiFi_MOTOR: block handlers=1
W (5582593) httpd_txrx: httpd_sock_err: error in recv : 104
W (5593455) WiFi_MOTOR: block handlers=0
W (5608864) WiFi_MOTOR: block handlers=1
W (5619486) WiFi_MOTOR: block handlers=0
